# JRE version: OpenJDK Runtime Environment (8.0_212-b04) (build 1.8.0_212-release-1586-b04)
# Java VM: OpenJDK 64-Bit Server VM (25.212-b04 mixed mode windows-amd64 compressed oops)
Heap:
 PSYoungGen      total 111616K, used 46661K [0x00000000e0000000, 0x00000000e9c80000, 0x0000000100000000)
  eden space 102912K, 36% used [0x00000000e0000000,0x00000000e2517810,0x00000000e6480000)
  from space 8704K, 99% used [0x00000000e7300000,0x00000000e7b79d88,0x00000000e7b80000)
  to   space 14848K, 0% used [0x00000000e6480000,0x00000000e6480000,0x00000000e7300000)
 ParOldGen       total 61440K, used 22929K [0x00000000a0000000, 0x00000000a3c00000, 0x00000000e0000000)
  object space 61440K, 37% used [0x00000000a0000000,0x00000000a1664438,0x00000000a3c00000)
 Metaspace       used 47788K, capacity 49000K, committed 49320K, reserved 1091584K
  class space    used 6403K, capacity 6735K, committed 6824K, reserved 1048576K
GC Heap History (10 events):
Event: 2.675 GC heap before
{Heap before GC invocations=8 (full 1):
 PSYoungGen      total 76800K, used 66048K [0x00000000e0000000, 0x00000000e5700000, 0x0000000100000000)
  eden space 66048K, 100% used [0x00000000e0000000,0x00000000e4080000,0x00000000e4080000)
  from space 10752K, 0% used [0x00000000e4b80000,0x00000000e4b80000,0x00000000e5600000)
  to   space 11264K, 0% used [0x00000000e4080000,0x00000000e4080000,0x00000000e4b80000)
 ParOldGen       total 61440K, used 9601K [0x00000000a0000000, 0x00000000a3c00000, 0x00000000e0000000)
  object space 61440K, 15% used [0x00000000a0000000,0x00000000a0960648,0x00000000a3c00000)
 Metaspace       used 29136K, capacity 29716K, committed 30080K, reserved 1075200K
  class space    used 3930K, capacity 4135K, committed 4224K, reserved 1048576K
Event: 2.687 GC heap after
Heap after GC invocations=8 (full 1):
 PSYoungGen      total 77312K, used 8176K [0x00000000e0000000, 0x00000000e7e80000, 0x0000000100000000)
  eden space 66048K, 0% used [0x00000000e0000000,0x00000000e0000000,0x00000000e4080000)
  from space 11264K, 72% used [0x00000000e4080000,0x00000000e487c030,0x00000000e4b80000)
  to   space 11776K, 0% used [0x00000000e7300000,0x00000000e7300000,0x00000000e7e80000)
 ParOldGen       total 61440K, used 9609K [0x00000000a0000000, 0x00000000a3c00000, 0x00000000e0000000)
  object space 61440K, 15% used [0x00000000a0000000,0x00000000a0962648,0x00000000a3c00000)
 Metaspace       used 29136K, capacity 29716K, committed 30080K, reserved 1075200K
  class space    used 3930K, capacity 4135K, committed 4224K, reserved 1048576K
}
Event: 3.514 GC heap before
{Heap before GC invocations=9 (full 1):
 PSYoungGen      total 77312K, used 74224K [0x00000000e0000000, 0x00000000e7e80000, 0x0000000100000000)
  eden space 66048K, 100% used [0x00000000e0000000,0x00000000e4080000,0x00000000e4080000)
  from space 11264K, 72% used [0x00000000e4080000,0x00000000e487c030,0x00000000e4b80000)
  to   space 11776K, 0% used [0x00000000e7300000,0x00000000e7300000,0x00000000e7e80000)
 ParOldGen       total 61440K, used 9609K [0x00000000a0000000, 0x00000000a3c00000, 0x00000000e0000000)
  object space 61440K, 15% used [0x00000000a0000000,0x00000000a0962648,0x00000000a3c00000)
 Metaspace       used 32223K, capacity 32812K, committed 33152K, reserved 1077248K
  class space    used 4424K, capacity 4655K, committed 4736K, reserved 1048576K
Event: 3.520 GC heap after
Heap after GC invocations=9 (full 1):
 PSYoungGen      total 111616K, used 8533K [0x00000000e0000000, 0x00000000e7b80000, 0x0000000100000000)
  eden space 102912K, 0% used [0x00000000e0000000,0x00000000e0000000,0x00000000e6480000)
  from space 8704K, 98% used [0x00000000e7300000,0x00000000e7b55580,0x00000000e7b80000)
  to   space 11776K, 0% used [0x00000000e6480000,0x00000000e6480000,0x00000000e7000000)
 ParOldGen       total 61440K, used 9617K [0x00000000a0000000, 0x00000000a3c00000, 0x00000000e0000000)
  object space 61440K, 15% used [0x00000000a0000000,0x00000000a0964648,0x00000000a3c00000)
 Metaspace       used 32223K, capacity 32812K, committed 33152K, reserved 1077248K
  class space    used 4424K, capacity 4655K, committed 4736K, reserved 1048576K
}
Event: 4.555 GC heap before
{Heap before GC invocations=10 (full 1):
 PSYoungGen      total 111616K, used 71727K [0x00000000e0000000, 0x00000000e7b80000, 0x0000000100000000)
  eden space 102912K, 61% used [0x00000000e0000000,0x00000000e3db6900,0x00000000e6480000)
  from space 8704K, 98% used [0x00000000e7300000,0x00000000e7b55580,0x00000000e7b80000)
  to   space 11776K, 0% used [0x00000000e6480000,0x00000000e6480000,0x00000000e7000000)
 ParOldGen       total 61440K, used 9617K [0x00000000a0000000, 0x00000000a3c00000, 0x00000000e0000000)
  object space 61440K, 15% used [0x00000000a0000000,0x00000000a0964648,0x00000000a3c00000)
 Metaspace       used 34551K, capacity 35404K, committed 35496K, reserved 1079296K
  class space    used 4751K, capacity 5003K, committed 5032K, reserved 1048576K
Event: 4.563 GC heap after
Heap after GC invocations=10 (full 1):
 PSYoungGen      total 114688K, used 10597K [0x00000000e0000000, 0x00000000e7b80000, 0x0000000100000000)
  eden space 102912K, 0% used [0x00000000e0000000,0x00000000e0000000,0x00000000e6480000)
  from space 11776K, 89% used [0x00000000e6480000,0x00000000e6ed9658,0x00000000e7000000)
  to   space 8704K, 0% used [0x00000000e7300000,0x00000000e7300000,0x00000000e7b80000)
 ParOldGen       total 61440K, used 9625K [0x00000000a0000000, 0x00000000a3c00000, 0x00000000e0000000)
  object space 61440K, 15% used [0x00000000a0000000,0x00000000a0966648,0x00000000a3c00000)
 Metaspace       used 34551K, capacity 35404K, committed 35496K, reserved 1079296K
  class space    used 4751K, capacity 5003K, committed 5032K, reserved 1048576K
}
Event: 4.563 GC heap before
{Heap before GC invocations=11 (full 2):
 PSYoungGen      total 114688K, used 10597K [0x00000000e0000000, 0x00000000e7b80000, 0x0000000100000000)
  eden space 102912K, 0% used [0x00000000e0000000,0x00000000e0000000,0x00000000e6480000)
  from space 11776K, 89% used [0x00000000e6480000,0x00000000e6ed9658,0x00000000e7000000)
  to   space 8704K, 0% used [0x00000000e7300000,0x00000000e7300000,0x00000000e7b80000)
 ParOldGen       total 61440K, used 9625K [0x00000000a0000000, 0x00000000a3c00000, 0x00000000e0000000)
  object space 61440K, 15% used [0x00000000a0000000,0x00000000a0966648,0x00000000a3c00000)
 Metaspace       used 34551K, capacity 35404K, committed 35496K, reserved 1079296K
  class space    used 4751K, capacity 5003K, committed 5032K, reserved 1048576K
Event: 4.603 GC heap after
Heap after GC invocations=11 (full 2):
 PSYoungGen      total 114688K, used 0K [0x00000000e0000000, 0x00000000e7b80000, 0x0000000100000000)
  eden space 102912K, 0% used [0x00000000e0000000,0x00000000e0000000,0x00000000e6480000)
  from space 11776K, 0% used [0x00000000e6480000,0x00000000e6480000,0x00000000e7000000)
  to   space 8704K, 0% used [0x00000000e7300000,0x00000000e7300000,0x00000000e7b80000)
 ParOldGen       total 61440K, used 17476K [0x00000000a0000000, 0x00000000a3c00000, 0x00000000e0000000)
  object space 61440K, 28% used [0x00000000a0000000,0x00000000a11112f8,0x00000000a3c00000)
 Metaspace       used 34525K, capacity 35320K, committed 35496K, reserved 1079296K
  class space    used 4744K, capacity 4989K, committed 5032K, reserved 1048576K
}
Event: 6.415 GC heap before
{Heap before GC invocations=12 (full 2):
 PSYoungGen      total 114688K, used 102912K [0x00000000e0000000, 0x00000000e7b80000, 0x0000000100000000)
  eden space 102912K, 100% used [0x00000000e0000000,0x00000000e6480000,0x00000000e6480000)
  from space 11776K, 0% used [0x00000000e6480000,0x00000000e6480000,0x00000000e7000000)
  to   space 8704K, 0% used [0x00000000e7300000,0x00000000e7300000,0x00000000e7b80000)
 ParOldGen       total 61440K, used 17476K [0x00000000a0000000, 0x00000000a3c00000, 0x00000000e0000000)
  object space 61440K, 28% used [0x00000000a0000000,0x00000000a11112f8,0x00000000a3c00000)
 Metaspace       used 44806K, capacity 45906K, committed 46120K, reserved 1089536K
  class space    used 6043K, capacity 6351K, committed 6440K, reserved 1048576K
Event: 6.422 GC heap after
Heap after GC invocations=12 (full 2):
 PSYoungGen      total 111616K, used 8679K [0x00000000e0000000, 0x00000000e9c80000, 0x0000000100000000)
  eden space 102912K, 0% used [0x00000000e0000000,0x00000000e0000000,0x00000000e6480000)
  from space 8704K, 99% used [0x00000000e7300000,0x00000000e7b79d88,0x00000000e7b80000)
  to   space 14848K, 0% used [0x00000000e6480000,0x00000000e6480000,0x00000000e7300000)
 ParOldGen       total 61440K, used 22929K [0x00000000a0000000, 0x00000000a3c00000, 0x00000000e0000000)
  object space 61440K, 37% used [0x00000000a0000000,0x00000000a1664438,0x00000000a3c00000)
 Metaspace       used 44806K, capacity 45906K, committed 46120K, reserved 1089536K
  class space    used 6043K, capacity 6351K, committed 6440K, reserved 1048576K
}

